<?xml version="1.0" encoding="UTF-8"?>
<!-- Generated by org.testng.reporters.JUnitXMLReporter -->
<testsuite hostname="DESKTOP-OV75N4M" name="ToolsQA" tests="4" failures="4" timestamp="15 Feb 2018 11:20:45 GMT" time="0.098" errors="0">
  <testcase name="f" time="0.026" classname="com.myjava.test.NewTest">
    <failure type="java.lang.Error" message="Unresolved compilation problem: 
	Logger cannot be resolved to a type
">
      <![CDATA[java.lang.Error: Unresolved compilation problem: 
	Logger cannot be resolved to a type

	at com.myjava.utils.Log.info(Log.java:47)
	at com.myjava.utils.LocalBrowserManager.initializeDriver(LocalBrowserManager.java:25)
	at com.myjava.test.NewTest.f(NewTest.java:22)
	at java.util.concurrent.ThreadPoolExecutor.runWorker(Unknown Source)
	at java.util.concurrent.ThreadPoolExecutor$Worker.run(Unknown Source)
	at java.lang.Thread.run(Unknown Source)
... Removed 10 stack frames]]>
    </failure>
  </testcase> <!-- f -->
  <testcase name="f2" time="0.025" classname="com.myjava.test.NewTest">
    <failure type="java.lang.Error" message="Unresolved compilation problem: 
	Logger cannot be resolved to a type
">
      <![CDATA[java.lang.Error: Unresolved compilation problem: 
	Logger cannot be resolved to a type

	at com.myjava.utils.Log.info(Log.java:47)
	at com.myjava.utils.LocalBrowserManager.initializeDriver(LocalBrowserManager.java:25)
	at com.myjava.test.NewTest.f2(NewTest.java:38)
	at java.util.concurrent.ThreadPoolExecutor.runWorker(Unknown Source)
	at java.util.concurrent.ThreadPoolExecutor$Worker.run(Unknown Source)
	at java.lang.Thread.run(Unknown Source)
... Removed 10 stack frames]]>
    </failure>
  </testcase> <!-- f2 -->
  <testcase name="f" time="0.01" classname="com.myjava.test.NewTest">
    <failure type="java.lang.Error" message="Unresolved compilation problem: 
	Logger cannot be resolved to a type
">
      <![CDATA[java.lang.Error: Unresolved compilation problem: 
	Logger cannot be resolved to a type

	at com.myjava.utils.Log.info(Log.java:47)
	at com.myjava.utils.LocalBrowserManager.initializeDriver(LocalBrowserManager.java:25)
	at com.myjava.test.NewTest.f(NewTest.java:22)
	at java.util.concurrent.ThreadPoolExecutor.runWorker(Unknown Source)
	at java.util.concurrent.ThreadPoolExecutor$Worker.run(Unknown Source)
	at java.lang.Thread.run(Unknown Source)
... Removed 10 stack frames]]>
    </failure>
  </testcase> <!-- f -->
  <testcase name="f2" time="0.004" classname="com.myjava.test.NewTest">
    <failure type="java.lang.Error" message="Unresolved compilation problem: 
	Logger cannot be resolved to a type
">
      <![CDATA[java.lang.Error: Unresolved compilation problem: 
	Logger cannot be resolved to a type

	at com.myjava.utils.Log.info(Log.java:47)
	at com.myjava.utils.LocalBrowserManager.initializeDriver(LocalBrowserManager.java:25)
	at com.myjava.test.NewTest.f2(NewTest.java:38)
	at java.util.concurrent.ThreadPoolExecutor.runWorker(Unknown Source)
	at java.util.concurrent.ThreadPoolExecutor$Worker.run(Unknown Source)
	at java.lang.Thread.run(Unknown Source)
... Removed 10 stack frames]]>
    </failure>
  </testcase> <!-- f2 -->
</testsuite> <!-- ToolsQA -->
