<?xml version="1.0" encoding="UTF-8"?>
<!-- Generated by org.testng.reporters.JUnitXMLReporter -->
<testsuite hostname="DESKTOP-OV75N4M" name="ToolsQA" tests="4" failures="4" timestamp="15 Feb 2018 07:17:45 GMT" time="0.027" errors="0">
  <testcase name="f2" time="0.011" classname="com.myjava.test.NewTest">
    <failure type="java.lang.NoClassDefFoundError" message="Could not initialize class com.myjava.utils.Log">
      <![CDATA[java.lang.NoClassDefFoundError: Could not initialize class com.myjava.utils.Log
	at com.myjava.utils.LocalBrowserManager.initializeDriver(LocalBrowserManager.java:25)
	at com.myjava.test.NewTest.f2(NewTest.java:38)
	at java.util.concurrent.ThreadPoolExecutor.runWorker(ThreadPoolExecutor.java:1149)
	at java.util.concurrent.ThreadPoolExecutor$Worker.run(ThreadPoolExecutor.java:624)
	at java.lang.Thread.run(Thread.java:748)
... Removed 10 stack frames]]>
    </failure>
  </testcase> <!-- f2 -->
  <testcase name="f" time="0.011" classname="com.myjava.test.NewTest">
    <failure type="java.lang.NoClassDefFoundError" message="org/apache/logging/log4j/LogManager">
      <![CDATA[java.lang.NoClassDefFoundError: org/apache/logging/log4j/LogManager
	at com.myjava.utils.Log.<clinit>(Log.java:8)
	at com.myjava.utils.LocalBrowserManager.initializeDriver(LocalBrowserManager.java:25)
	at com.myjava.test.NewTest.f(NewTest.java:22)
	at java.util.concurrent.ThreadPoolExecutor.runWorker(ThreadPoolExecutor.java:1149)
	at java.util.concurrent.ThreadPoolExecutor$Worker.run(ThreadPoolExecutor.java:624)
	at java.lang.Thread.run(Thread.java:748)
Caused by: java.lang.ClassNotFoundException: org.apache.logging.log4j.LogManager
	at java.net.URLClassLoader.findClass(URLClassLoader.java:381)
	at java.lang.ClassLoader.loadClass(ClassLoader.java:424)
	at sun.misc.Launcher$AppClassLoader.loadClass(Launcher.java:338)
	at java.lang.ClassLoader.loadClass(ClassLoader.java:357)
	... 16 more
... Removed 10 stack frames]]>
    </failure>
  </testcase> <!-- f -->
  <testcase name="f2" time="0.0" classname="com.myjava.test.NewTest">
    <failure type="java.lang.NoClassDefFoundError" message="Could not initialize class com.myjava.utils.Log">
      <![CDATA[java.lang.NoClassDefFoundError: Could not initialize class com.myjava.utils.Log
	at com.myjava.utils.LocalBrowserManager.initializeDriver(LocalBrowserManager.java:25)
	at com.myjava.test.NewTest.f2(NewTest.java:38)
	at java.util.concurrent.ThreadPoolExecutor.runWorker(ThreadPoolExecutor.java:1149)
	at java.util.concurrent.ThreadPoolExecutor$Worker.run(ThreadPoolExecutor.java:624)
	at java.lang.Thread.run(Thread.java:748)
... Removed 10 stack frames]]>
    </failure>
  </testcase> <!-- f2 -->
  <testcase name="f" time="0.0" classname="com.myjava.test.NewTest">
    <failure type="java.lang.NoClassDefFoundError" message="Could not initialize class com.myjava.utils.Log">
      <![CDATA[java.lang.NoClassDefFoundError: Could not initialize class com.myjava.utils.Log
	at com.myjava.utils.LocalBrowserManager.initializeDriver(LocalBrowserManager.java:25)
	at com.myjava.test.NewTest.f(NewTest.java:22)
	at java.util.concurrent.ThreadPoolExecutor.runWorker(ThreadPoolExecutor.java:1149)
	at java.util.concurrent.ThreadPoolExecutor$Worker.run(ThreadPoolExecutor.java:624)
	at java.lang.Thread.run(Thread.java:748)
... Removed 10 stack frames]]>
    </failure>
  </testcase> <!-- f -->
</testsuite> <!-- ToolsQA -->
