<?xml version="1.0" encoding="UTF-8"?>
<testng-results skipped="0" failed="4" total="4" passed="0">
  <reporter-output>
  </reporter-output>
  <suite name="Test Suite" duration-ms="614" started-at="2018-02-20T10:37:28Z" finished-at="2018-02-20T10:37:29Z">
    <groups>
    </groups>
    <test name="ToolsQA" duration-ms="614" started-at="2018-02-20T10:37:28Z" finished-at="2018-02-20T10:37:29Z">
      <class name="com.myjava.test.NewTest">
        <test-method status="FAIL" signature="f2(java.lang.String, int, java.lang.String)[pri:0, instance:com.myjava.test.NewTest@2d928643]" name="f2" duration-ms="557" started-at="2018-02-20T16:07:29Z" data-provider="dp2" finished-at="2018-02-20T16:07:29Z">
          <params>
            <param index="0">
              <value>
                <![CDATA[chrome]]>
              </value>
            </param>
            <param index="1">
              <value>
                <![CDATA[1]]>
              </value>
            </param>
            <param index="2">
              <value>
                <![CDATA[a]]>
              </value>
            </param>
          </params>
          <exception class="java.lang.NoSuchMethodError">
            <message>
              <![CDATA[com.google.common.collect.ImmutableSortedSet.toImmutableSortedSet(Ljava/util/Comparator;)Ljava/util/stream/Collector;]]>
            </message>
            <full-stacktrace>
              <![CDATA[java.lang.NoSuchMethodError: com.google.common.collect.ImmutableSortedSet.toImmutableSortedSet(Ljava/util/Comparator;)Ljava/util/stream/Collector;
	at org.openqa.selenium.remote.NewSessionPayload.lambda$validate$4(NewSessionPayload.java:199)
	at java.util.stream.ReferencePipeline$11$1.accept(Unknown Source)
	at java.util.stream.ReferencePipeline$3$1.accept(Unknown Source)
	at java.util.stream.ReferencePipeline$11$1.accept(Unknown Source)
	at java.util.Iterator.forEachRemaining(Unknown Source)
	at java.util.Spliterators$IteratorSpliterator.forEachRemaining(Unknown Source)
	at java.util.stream.AbstractPipeline.copyInto(Unknown Source)
	at java.util.stream.AbstractPipeline.wrapAndCopyInto(Unknown Source)
	at java.util.stream.ForEachOps$ForEachOp.evaluateSequential(Unknown Source)
	at java.util.stream.ForEachOps$ForEachOp$OfRef.evaluateSequential(Unknown Source)
	at java.util.stream.AbstractPipeline.evaluate(Unknown Source)
	at java.util.stream.ReferencePipeline.forEach(Unknown Source)
	at org.openqa.selenium.remote.NewSessionPayload.validate(NewSessionPayload.java:215)
	at org.openqa.selenium.remote.NewSessionPayload.<init>(NewSessionPayload.java:163)
	at org.openqa.selenium.remote.NewSessionPayload.create(NewSessionPayload.java:114)
	at org.openqa.selenium.remote.NewSessionPayload.create(NewSessionPayload.java:107)
	at org.openqa.selenium.remote.ProtocolHandshake.createSession(ProtocolHandshake.java:67)
	at org.openqa.selenium.remote.HttpCommandExecutor.execute(HttpCommandExecutor.java:138)
	at org.openqa.selenium.remote.RemoteWebDriver.execute(RemoteWebDriver.java:601)
	at org.openqa.selenium.remote.RemoteWebDriver.startSession(RemoteWebDriver.java:219)
	at org.openqa.selenium.remote.RemoteWebDriver.<init>(RemoteWebDriver.java:142)
	at org.openqa.selenium.remote.RemoteWebDriver.<init>(RemoteWebDriver.java:155)
	at com.myjava.utils.LocalBrowserManager.initializeDriver(LocalBrowserManager.java:44)
	at com.myjava.test.NewTest.f2(NewTest.java:41)
	at sun.reflect.NativeMethodAccessorImpl.invoke0(Native Method)
	at sun.reflect.NativeMethodAccessorImpl.invoke(Unknown Source)
	at sun.reflect.DelegatingMethodAccessorImpl.invoke(Unknown Source)
	at java.lang.reflect.Method.invoke(Unknown Source)
	at org.testng.internal.MethodInvocationHelper.invokeMethod(MethodInvocationHelper.java:86)
	at org.testng.internal.Invoker.invokeMethod(Invoker.java:643)
	at org.testng.internal.Invoker.invokeTestMethod(Invoker.java:820)
	at org.testng.internal.Invoker.invokeTestMethods(Invoker.java:1128)
	at org.testng.internal.TestMethodWorker.invokeTestMethods(TestMethodWorker.java:129)
	at org.testng.internal.TestMethodWorker.run(TestMethodWorker.java:112)
	at java.util.concurrent.ThreadPoolExecutor.runWorker(Unknown Source)
	at java.util.concurrent.ThreadPoolExecutor$Worker.run(Unknown Source)
	at java.lang.Thread.run(Unknown Source)
]]>
            </full-stacktrace>
          </exception> <!-- java.lang.NoSuchMethodError -->
          <reporter-output>
          </reporter-output>
        </test-method> <!-- f2 -->
        <test-method status="FAIL" signature="f(java.lang.String, int, java.lang.String)[pri:0, instance:com.myjava.test.NewTest@2d928643]" name="f" duration-ms="557" started-at="2018-02-20T16:07:29Z" data-provider="dp" finished-at="2018-02-20T16:07:29Z">
          <params>
            <param index="0">
              <value>
                <![CDATA[chrome]]>
              </value>
            </param>
            <param index="1">
              <value>
                <![CDATA[1]]>
              </value>
            </param>
            <param index="2">
              <value>
                <![CDATA[a]]>
              </value>
            </param>
          </params>
          <exception class="java.lang.NoSuchMethodError">
            <message>
              <![CDATA[com.google.common.collect.ImmutableSortedSet.toImmutableSortedSet(Ljava/util/Comparator;)Ljava/util/stream/Collector;]]>
            </message>
            <full-stacktrace>
              <![CDATA[java.lang.NoSuchMethodError: com.google.common.collect.ImmutableSortedSet.toImmutableSortedSet(Ljava/util/Comparator;)Ljava/util/stream/Collector;
	at org.openqa.selenium.remote.NewSessionPayload.lambda$validate$4(NewSessionPayload.java:199)
	at java.util.stream.ReferencePipeline$11$1.accept(Unknown Source)
	at java.util.stream.ReferencePipeline$3$1.accept(Unknown Source)
	at java.util.stream.ReferencePipeline$11$1.accept(Unknown Source)
	at java.util.Iterator.forEachRemaining(Unknown Source)
	at java.util.Spliterators$IteratorSpliterator.forEachRemaining(Unknown Source)
	at java.util.stream.AbstractPipeline.copyInto(Unknown Source)
	at java.util.stream.AbstractPipeline.wrapAndCopyInto(Unknown Source)
	at java.util.stream.ForEachOps$ForEachOp.evaluateSequential(Unknown Source)
	at java.util.stream.ForEachOps$ForEachOp$OfRef.evaluateSequential(Unknown Source)
	at java.util.stream.AbstractPipeline.evaluate(Unknown Source)
	at java.util.stream.ReferencePipeline.forEach(Unknown Source)
	at org.openqa.selenium.remote.NewSessionPayload.validate(NewSessionPayload.java:215)
	at org.openqa.selenium.remote.NewSessionPayload.<init>(NewSessionPayload.java:163)
	at org.openqa.selenium.remote.NewSessionPayload.create(NewSessionPayload.java:114)
	at org.openqa.selenium.remote.NewSessionPayload.create(NewSessionPayload.java:107)
	at org.openqa.selenium.remote.ProtocolHandshake.createSession(ProtocolHandshake.java:67)
	at org.openqa.selenium.remote.HttpCommandExecutor.execute(HttpCommandExecutor.java:138)
	at org.openqa.selenium.remote.RemoteWebDriver.execute(RemoteWebDriver.java:601)
	at org.openqa.selenium.remote.RemoteWebDriver.startSession(RemoteWebDriver.java:219)
	at org.openqa.selenium.remote.RemoteWebDriver.<init>(RemoteWebDriver.java:142)
	at org.openqa.selenium.remote.RemoteWebDriver.<init>(RemoteWebDriver.java:155)
	at com.myjava.utils.LocalBrowserManager.initializeDriver(LocalBrowserManager.java:44)
	at com.myjava.test.NewTest.f(NewTest.java:25)
	at sun.reflect.NativeMethodAccessorImpl.invoke0(Native Method)
	at sun.reflect.NativeMethodAccessorImpl.invoke(Unknown Source)
	at sun.reflect.DelegatingMethodAccessorImpl.invoke(Unknown Source)
	at java.lang.reflect.Method.invoke(Unknown Source)
	at org.testng.internal.MethodInvocationHelper.invokeMethod(MethodInvocationHelper.java:86)
	at org.testng.internal.Invoker.invokeMethod(Invoker.java:643)
	at org.testng.internal.Invoker.invokeTestMethod(Invoker.java:820)
	at org.testng.internal.Invoker.invokeTestMethods(Invoker.java:1128)
	at org.testng.internal.TestMethodWorker.invokeTestMethods(TestMethodWorker.java:129)
	at org.testng.internal.TestMethodWorker.run(TestMethodWorker.java:112)
	at java.util.concurrent.ThreadPoolExecutor.runWorker(Unknown Source)
	at java.util.concurrent.ThreadPoolExecutor$Worker.run(Unknown Source)
	at java.lang.Thread.run(Unknown Source)
]]>
            </full-stacktrace>
          </exception> <!-- java.lang.NoSuchMethodError -->
          <reporter-output>
          </reporter-output>
        </test-method> <!-- f -->
        <test-method status="PASS" signature="tearDown()[pri:0, instance:com.myjava.test.NewTest@2d928643]" name="tearDown" is-config="true" duration-ms="0" started-at="2018-02-20T16:07:29Z" finished-at="2018-02-20T16:07:29Z">
          <reporter-output>
          </reporter-output>
        </test-method> <!-- tearDown -->
        <test-method status="FAIL" signature="f2(java.lang.String, int, java.lang.String)[pri:0, instance:com.myjava.test.NewTest@2d928643]" name="f2" duration-ms="13" started-at="2018-02-20T16:07:29Z" data-provider="dp2" finished-at="2018-02-20T16:07:29Z">
          <params>
            <param index="0">
              <value>
                <![CDATA[chrome]]>
              </value>
            </param>
            <param index="1">
              <value>
                <![CDATA[2]]>
              </value>
            </param>
            <param index="2">
              <value>
                <![CDATA[b]]>
              </value>
            </param>
          </params>
          <exception class="java.lang.NoSuchMethodError">
            <message>
              <![CDATA[com.google.common.collect.ImmutableSortedSet.toImmutableSortedSet(Ljava/util/Comparator;)Ljava/util/stream/Collector;]]>
            </message>
            <full-stacktrace>
              <![CDATA[java.lang.NoSuchMethodError: com.google.common.collect.ImmutableSortedSet.toImmutableSortedSet(Ljava/util/Comparator;)Ljava/util/stream/Collector;
	at org.openqa.selenium.remote.NewSessionPayload.lambda$validate$4(NewSessionPayload.java:199)
	at java.util.stream.ReferencePipeline$11$1.accept(Unknown Source)
	at java.util.stream.ReferencePipeline$3$1.accept(Unknown Source)
	at java.util.stream.ReferencePipeline$11$1.accept(Unknown Source)
	at java.util.Iterator.forEachRemaining(Unknown Source)
	at java.util.Spliterators$IteratorSpliterator.forEachRemaining(Unknown Source)
	at java.util.stream.AbstractPipeline.copyInto(Unknown Source)
	at java.util.stream.AbstractPipeline.wrapAndCopyInto(Unknown Source)
	at java.util.stream.ForEachOps$ForEachOp.evaluateSequential(Unknown Source)
	at java.util.stream.ForEachOps$ForEachOp$OfRef.evaluateSequential(Unknown Source)
	at java.util.stream.AbstractPipeline.evaluate(Unknown Source)
	at java.util.stream.ReferencePipeline.forEach(Unknown Source)
	at org.openqa.selenium.remote.NewSessionPayload.validate(NewSessionPayload.java:215)
	at org.openqa.selenium.remote.NewSessionPayload.<init>(NewSessionPayload.java:163)
	at org.openqa.selenium.remote.NewSessionPayload.create(NewSessionPayload.java:114)
	at org.openqa.selenium.remote.NewSessionPayload.create(NewSessionPayload.java:107)
	at org.openqa.selenium.remote.ProtocolHandshake.createSession(ProtocolHandshake.java:67)
	at org.openqa.selenium.remote.HttpCommandExecutor.execute(HttpCommandExecutor.java:138)
	at org.openqa.selenium.remote.RemoteWebDriver.execute(RemoteWebDriver.java:601)
	at org.openqa.selenium.remote.RemoteWebDriver.startSession(RemoteWebDriver.java:219)
	at org.openqa.selenium.remote.RemoteWebDriver.<init>(RemoteWebDriver.java:142)
	at org.openqa.selenium.remote.RemoteWebDriver.<init>(RemoteWebDriver.java:155)
	at com.myjava.utils.LocalBrowserManager.initializeDriver(LocalBrowserManager.java:44)
	at com.myjava.test.NewTest.f2(NewTest.java:41)
	at sun.reflect.NativeMethodAccessorImpl.invoke0(Native Method)
	at sun.reflect.NativeMethodAccessorImpl.invoke(Unknown Source)
	at sun.reflect.DelegatingMethodAccessorImpl.invoke(Unknown Source)
	at java.lang.reflect.Method.invoke(Unknown Source)
	at org.testng.internal.MethodInvocationHelper.invokeMethod(MethodInvocationHelper.java:86)
	at org.testng.internal.Invoker.invokeMethod(Invoker.java:643)
	at org.testng.internal.Invoker.invokeTestMethod(Invoker.java:820)
	at org.testng.internal.Invoker.invokeTestMethods(Invoker.java:1128)
	at org.testng.internal.TestMethodWorker.invokeTestMethods(TestMethodWorker.java:129)
	at org.testng.internal.TestMethodWorker.run(TestMethodWorker.java:112)
	at java.util.concurrent.ThreadPoolExecutor.runWorker(Unknown Source)
	at java.util.concurrent.ThreadPoolExecutor$Worker.run(Unknown Source)
	at java.lang.Thread.run(Unknown Source)
]]>
            </full-stacktrace>
          </exception> <!-- java.lang.NoSuchMethodError -->
          <reporter-output>
          </reporter-output>
        </test-method> <!-- f2 -->
        <test-method status="PASS" signature="tearDown()[pri:0, instance:com.myjava.test.NewTest@2d928643]" name="tearDown" is-config="true" duration-ms="0" started-at="2018-02-20T16:07:29Z" finished-at="2018-02-20T16:07:29Z">
          <reporter-output>
          </reporter-output>
        </test-method> <!-- tearDown -->
        <test-method status="FAIL" signature="f(java.lang.String, int, java.lang.String)[pri:0, instance:com.myjava.test.NewTest@2d928643]" name="f" duration-ms="15" started-at="2018-02-20T16:07:29Z" data-provider="dp" finished-at="2018-02-20T16:07:29Z">
          <params>
            <param index="0">
              <value>
                <![CDATA[chrome]]>
              </value>
            </param>
            <param index="1">
              <value>
                <![CDATA[2]]>
              </value>
            </param>
            <param index="2">
              <value>
                <![CDATA[b]]>
              </value>
            </param>
          </params>
          <exception class="java.lang.NoSuchMethodError">
            <message>
              <![CDATA[com.google.common.collect.ImmutableSortedSet.toImmutableSortedSet(Ljava/util/Comparator;)Ljava/util/stream/Collector;]]>
            </message>
            <full-stacktrace>
              <![CDATA[java.lang.NoSuchMethodError: com.google.common.collect.ImmutableSortedSet.toImmutableSortedSet(Ljava/util/Comparator;)Ljava/util/stream/Collector;
	at org.openqa.selenium.remote.NewSessionPayload.lambda$validate$4(NewSessionPayload.java:199)
	at java.util.stream.ReferencePipeline$11$1.accept(Unknown Source)
	at java.util.stream.ReferencePipeline$3$1.accept(Unknown Source)
	at java.util.stream.ReferencePipeline$11$1.accept(Unknown Source)
	at java.util.Iterator.forEachRemaining(Unknown Source)
	at java.util.Spliterators$IteratorSpliterator.forEachRemaining(Unknown Source)
	at java.util.stream.AbstractPipeline.copyInto(Unknown Source)
	at java.util.stream.AbstractPipeline.wrapAndCopyInto(Unknown Source)
	at java.util.stream.ForEachOps$ForEachOp.evaluateSequential(Unknown Source)
	at java.util.stream.ForEachOps$ForEachOp$OfRef.evaluateSequential(Unknown Source)
	at java.util.stream.AbstractPipeline.evaluate(Unknown Source)
	at java.util.stream.ReferencePipeline.forEach(Unknown Source)
	at org.openqa.selenium.remote.NewSessionPayload.validate(NewSessionPayload.java:215)
	at org.openqa.selenium.remote.NewSessionPayload.<init>(NewSessionPayload.java:163)
	at org.openqa.selenium.remote.NewSessionPayload.create(NewSessionPayload.java:114)
	at org.openqa.selenium.remote.NewSessionPayload.create(NewSessionPayload.java:107)
	at org.openqa.selenium.remote.ProtocolHandshake.createSession(ProtocolHandshake.java:67)
	at org.openqa.selenium.remote.HttpCommandExecutor.execute(HttpCommandExecutor.java:138)
	at org.openqa.selenium.remote.RemoteWebDriver.execute(RemoteWebDriver.java:601)
	at org.openqa.selenium.remote.RemoteWebDriver.startSession(RemoteWebDriver.java:219)
	at org.openqa.selenium.remote.RemoteWebDriver.<init>(RemoteWebDriver.java:142)
	at org.openqa.selenium.remote.RemoteWebDriver.<init>(RemoteWebDriver.java:155)
	at com.myjava.utils.LocalBrowserManager.initializeDriver(LocalBrowserManager.java:44)
	at com.myjava.test.NewTest.f(NewTest.java:25)
	at sun.reflect.NativeMethodAccessorImpl.invoke0(Native Method)
	at sun.reflect.NativeMethodAccessorImpl.invoke(Unknown Source)
	at sun.reflect.DelegatingMethodAccessorImpl.invoke(Unknown Source)
	at java.lang.reflect.Method.invoke(Unknown Source)
	at org.testng.internal.MethodInvocationHelper.invokeMethod(MethodInvocationHelper.java:86)
	at org.testng.internal.Invoker.invokeMethod(Invoker.java:643)
	at org.testng.internal.Invoker.invokeTestMethod(Invoker.java:820)
	at org.testng.internal.Invoker.invokeTestMethods(Invoker.java:1128)
	at org.testng.internal.TestMethodWorker.invokeTestMethods(TestMethodWorker.java:129)
	at org.testng.internal.TestMethodWorker.run(TestMethodWorker.java:112)
	at java.util.concurrent.ThreadPoolExecutor.runWorker(Unknown Source)
	at java.util.concurrent.ThreadPoolExecutor$Worker.run(Unknown Source)
	at java.lang.Thread.run(Unknown Source)
]]>
            </full-stacktrace>
          </exception> <!-- java.lang.NoSuchMethodError -->
          <reporter-output>
          </reporter-output>
        </test-method> <!-- f -->
        <test-method status="PASS" signature="tearDown()[pri:0, instance:com.myjava.test.NewTest@2d928643]" name="tearDown" is-config="true" duration-ms="2" started-at="2018-02-20T16:07:29Z" finished-at="2018-02-20T16:07:29Z">
          <reporter-output>
          </reporter-output>
        </test-method> <!-- tearDown -->
        <test-method status="PASS" signature="tearDown()[pri:0, instance:com.myjava.test.NewTest@2d928643]" name="tearDown" is-config="true" duration-ms="0" started-at="2018-02-20T16:07:29Z" finished-at="2018-02-20T16:07:29Z">
          <reporter-output>
          </reporter-output>
        </test-method> <!-- tearDown -->
      </class> <!-- com.myjava.test.NewTest -->
    </test> <!-- ToolsQA -->
  </suite> <!-- Test Suite -->
</testng-results>
